<?xml version="1.0" encoding="UTF-8"?>
<!-- Generated by org.testng.reporters.JUnitReportReporter -->
<testsuite hostname="DESKTOP-MRJRMLD" failures="0" tests="3" name="Batch_execution.A3" time="0.006" errors="0" timestamp="2022-11-02T15:55:13 IST" skipped="0">
  <testcase classname="Batch_execution.A3" name="TC8" time="0.002"/>
  <system-out>
    <![CDATA[running tc8]]>
  </system-out>
  <testcase classname="Batch_execution.A3" name="TC7" time="0.002"/>
  <system-out>
    <![CDATA[running tc7]]>
  </system-out>
  <testcase classname="Batch_execution.A3" name="TC9" time="0.002"/>
  <system-out>
    <![CDATA[running tc9]]>
  </system-out>
</testsuite> <!-- Batch_execution.A3 -->
