<?xml version="1.0" encoding="UTF-8"?>
<!-- Generated by org.testng.reporters.JUnitReportReporter -->
<testsuite hostname="DESKTOP-MRJRMLD" failures="0" tests="1" name="AssertClass.Assert_Equals" time="0.026" errors="0" timestamp="2022-11-04T16:04:53 IST" skipped="0">
  <testcase classname="AssertClass.Assert_Equals" name="TC1" time="0.026"/>
  <system-out>
    <![CDATA[TC1 is running]]>
  </system-out>
</testsuite> <!-- AssertClass.Assert_Equals -->
