<?xml version="1.0" encoding="UTF-8"?>
<!-- Generated by org.testng.reporters.JUnitReportReporter -->
<testsuite hostname="DESKTOP-MRJRMLD" failures="0" tests="3" name="TestNG.Priority" time="0.067" errors="0" timestamp="2022-10-31T13:07:31 IST" skipped="0">
  <testcase classname="TestNG.Priority" name="TC3" time="0.058"/>
  <system-out>
    <![CDATA[running tc3]]>
  </system-out>
  <testcase classname="TestNG.Priority" name="TC1" time="0.005"/>
  <system-out>
    <![CDATA[running tc1]]>
  </system-out>
  <testcase classname="TestNG.Priority" name="TC2" time="0.004"/>
  <system-out>
    <![CDATA[running tc2]]>
  </system-out>
</testsuite> <!-- TestNG.Priority -->
