<?xml version="1.0" encoding="UTF-8"?>
<!-- Generated by org.testng.reporters.JUnitReportReporter -->
<testsuite hostname="DESKTOP-MRJRMLD" failures="0" tests="1" name="parallel_Excution.Parallel1" time="42.925" errors="0" timestamp="2022-11-03T22:11:58 IST" skipped="0">
  <testcase classname="parallel_Excution.Parallel1" name="TC1" time="42.925"/>
  <system-out/>
</testsuite> <!-- parallel_Excution.Parallel1 -->
