<?xml version="1.0" encoding="UTF-8"?>
<!-- Generated by org.testng.reporters.JUnitReportReporter -->
<testsuite hostname="DESKTOP-MRJRMLD" failures="0" tests="3" name="Batch_execution.A1" time="0.005" errors="0" timestamp="2022-11-02T15:55:13 IST" skipped="0">
  <testcase classname="Batch_execution.A1" name="TC3" time="0.001"/>
  <system-out>
    <![CDATA[running tc3]]>
  </system-out>
  <testcase classname="Batch_execution.A1" name="TC1" time="0.002"/>
  <system-out>
    <![CDATA[running tc1]]>
  </system-out>
  <testcase classname="Batch_execution.A1" name="TC2" time="0.002"/>
  <system-out>
    <![CDATA[running tc2]]>
  </system-out>
</testsuite> <!-- Batch_execution.A1 -->
