<?xml version="1.0" encoding="UTF-8"?>
<!-- Generated by org.testng.reporters.JUnitReportReporter -->
<testsuite hostname="DESKTOP-MRJRMLD" failures="0" tests="1" name="TestNG.TestNg_1" time="0.022" errors="0" timestamp="2022-10-29T13:03:25 IST" skipped="0">
  <testcase classname="TestNG.TestNg_1" name="m1" time="0.022"/>
  <system-out>
    <![CDATA[Hii]]>
  </system-out>
</testsuite> <!-- TestNG.TestNg_1 -->
