<?xml version="1.0" encoding="UTF-8"?>
<!-- Generated by org.testng.reporters.JUnitReportReporter -->
<testsuite hostname="DESKTOP-MRJRMLD" failures="0" tests="10" name="TestNG.I9nvocation_count" time="0.163" errors="0" timestamp="2022-10-31T13:17:14 IST" skipped="0">
  <testcase classname="TestNG.I9nvocation_count" name="TC1" time="0.006"/>
  <system-out>
    <![CDATA[running tc1]]>
  </system-out>
  <testcase classname="TestNG.I9nvocation_count" name="TC1" time="0.013"/>
  <system-out>
    <![CDATA[running tc1]]>
  </system-out>
  <testcase classname="TestNG.I9nvocation_count" name="TC1" time="0.011"/>
  <system-out>
    <![CDATA[running tc1]]>
  </system-out>
  <testcase classname="TestNG.I9nvocation_count" name="TC1" time="0.006"/>
  <system-out>
    <![CDATA[running tc1]]>
  </system-out>
  <testcase classname="TestNG.I9nvocation_count" name="TC1" time="0.008"/>
  <system-out>
    <![CDATA[running tc1]]>
  </system-out>
  <testcase classname="TestNG.I9nvocation_count" name="TC1" time="0.008"/>
  <system-out>
    <![CDATA[running tc1]]>
  </system-out>
  <testcase classname="TestNG.I9nvocation_count" name="TC1" time="0.004"/>
  <system-out>
    <![CDATA[running tc1]]>
  </system-out>
  <testcase classname="TestNG.I9nvocation_count" name="TC1" time="0.034"/>
  <system-out>
    <![CDATA[running tc1]]>
  </system-out>
  <testcase classname="TestNG.I9nvocation_count" name="TC1" time="0.015"/>
  <system-out>
    <![CDATA[running tc1]]>
  </system-out>
  <testcase classname="TestNG.I9nvocation_count" name="TC1" time="0.058"/>
  <system-out>
    <![CDATA[running tc1]]>
  </system-out>
</testsuite> <!-- TestNG.I9nvocation_count -->
