<?xml version="1.0" encoding="UTF-8"?>
<!-- Generated by org.testng.reporters.JUnitReportReporter -->
<testsuite hostname="DESKTOP-MRJRMLD" failures="0" tests="1" name="parallel_Excution.Parallel2" time="104.381" errors="0" timestamp="2022-11-03T22:15:21 IST" skipped="0">
  <testcase classname="parallel_Excution.Parallel2" name="TC1" time="104.381"/>
  <system-out/>
</testsuite> <!-- parallel_Excution.Parallel2 -->
